[2021-10-1 9:31:15] [INFO] Booting the 'HTTP' middleware...
[2021-10-1 9:31:15] [INFO] Booting the 'CORS' middleware...
[2021-10-1 9:31:15] [INFO] Booting the 'CsrfToken' middleware...
[2021-10-1 9:31:15] [INFO] Booting the 'Views' middleware...
[2021-10-1 9:31:15] [INFO] Booting the 'Statics' middleware...
[2021-10-1 9:31:15] [INFO] Booting the 'StatusMonitor' middleware...
[2021-10-1 9:34:41] [INFO] Booting the 'CORS' middleware...
[2021-10-1 9:34:41] [INFO] Booting the 'HTTP' middleware...
[2021-10-1 9:34:41] [INFO] Booting the 'CsrfToken' middleware...
[2021-10-1 9:34:41] [INFO] Booting the 'Views' middleware...
[2021-10-1 9:34:41] [INFO] Booting the 'Statics' middleware...
[2021-10-1 9:34:41] [INFO] Booting the 'StatusMonitor' middleware...
[2021-10-1 9:35:27] [INFO] Booting the 'CORS' middleware...
[2021-10-1 9:35:27] [INFO] Booting the 'HTTP' middleware...
[2021-10-1 9:35:27] [INFO] Booting the 'CsrfToken' middleware...
[2021-10-1 9:35:27] [INFO] Booting the 'Views' middleware...
[2021-10-1 9:35:27] [INFO] Booting the 'Statics' middleware...
[2021-10-1 9:35:27] [INFO] Booting the 'StatusMonitor' middleware...
[2021-10-1 9:36:43] [INFO] Booting the 'CORS' middleware...
[2021-10-1 9:36:43] [INFO] Booting the 'HTTP' middleware...
[2021-10-1 9:36:43] [INFO] Booting the 'CsrfToken' middleware...
[2021-10-1 9:36:43] [INFO] Booting the 'Views' middleware...
[2021-10-1 9:36:43] [INFO] Booting the 'Statics' middleware...
[2021-10-1 9:36:43] [INFO] Booting the 'StatusMonitor' middleware...
[2021-10-1 9:37:12] [INFO] Booting the 'CORS' middleware...
[2021-10-1 9:37:12] [INFO] Booting the 'HTTP' middleware...
[2021-10-1 9:37:12] [INFO] Booting the 'CsrfToken' middleware...
[2021-10-1 9:37:12] [INFO] Booting the 'Views' middleware...
[2021-10-1 9:37:12] [INFO] Booting the 'Statics' middleware...
[2021-10-1 9:37:12] [INFO] Booting the 'StatusMonitor' middleware...
[2021-10-1 9:38:46] [INFO] Booting the 'CORS' middleware...
[2021-10-1 9:38:46] [INFO] Booting the 'HTTP' middleware...
[2021-10-1 9:38:46] [INFO] Booting the 'CsrfToken' middleware...
[2021-10-1 9:38:46] [INFO] Booting the 'Views' middleware...
[2021-10-1 9:38:46] [INFO] Booting the 'Statics' middleware...
[2021-10-1 9:38:46] [INFO] Booting the 'StatusMonitor' middleware...
[2021-10-1 10:6:47] [INFO] Booting the 'CORS' middleware...
[2021-10-1 10:6:47] [INFO] Booting the 'HTTP' middleware...
[2021-10-1 10:6:47] [INFO] Booting the 'CsrfToken' middleware...
[2021-10-1 10:6:47] [INFO] Booting the 'Views' middleware...
[2021-10-1 10:6:47] [INFO] Booting the 'Statics' middleware...
[2021-10-1 10:6:47] [INFO] Booting the 'StatusMonitor' middleware...
[2021-10-1 10:8:27] [INFO] Booting the 'CORS' middleware...
[2021-10-1 10:8:27] [INFO] Booting the 'Statics' middleware...
[2021-10-1 10:8:27] [INFO] Booting the 'StatusMonitor' middleware...
[2021-10-1 10:8:27] [INFO] Booting the 'Views' middleware...
[2021-10-1 10:8:27] [INFO] Booting the 'HTTP' middleware...
[2021-10-1 10:8:27] [INFO] Booting the 'CsrfToken' middleware...
[2021-10-1 10:10:11] [INFO] Booting the 'CORS' middleware...
[2021-10-1 10:10:11] [INFO] Booting the 'HTTP' middleware...
[2021-10-1 10:10:11] [INFO] Booting the 'CsrfToken' middleware...
[2021-10-1 10:10:11] [INFO] Booting the 'Views' middleware...
[2021-10-1 10:10:11] [INFO] Booting the 'Statics' middleware...
[2021-10-1 10:10:11] [INFO] Booting the 'StatusMonitor' middleware...
[2021-10-1 10:11:1] [INFO] Booting the 'CORS' middleware...
[2021-10-1 10:11:1] [INFO] Booting the 'HTTP' middleware...
[2021-10-1 10:11:1] [INFO] Booting the 'CsrfToken' middleware...
[2021-10-1 10:11:1] [INFO] Booting the 'StatusMonitor' middleware...
[2021-10-1 10:11:1] [INFO] Booting the 'Views' middleware...
[2021-10-1 10:11:1] [INFO] Booting the 'Statics' middleware...
[2021-10-1 10:16:46] [INFO] Booting the 'CORS' middleware...
[2021-10-1 10:16:46] [INFO] Booting the 'HTTP' middleware...
[2021-10-1 10:16:46] [INFO] Booting the 'StatusMonitor' middleware...
[2021-10-1 10:16:46] [INFO] Booting the 'Views' middleware...
[2021-10-1 10:16:46] [INFO] Booting the 'Statics' middleware...
[2021-10-1 10:16:46] [INFO] Booting the 'CsrfToken' middleware...
[2021-10-1 10:23:5] [INFO] Booting the 'CORS' middleware...
[2021-10-1 10:23:5] [INFO] Booting the 'HTTP' middleware...
[2021-10-1 10:23:5] [INFO] Booting the 'CsrfToken' middleware...
[2021-10-1 10:23:5] [INFO] Booting the 'Views' middleware...
[2021-10-1 10:23:5] [INFO] Booting the 'Statics' middleware...
[2021-10-1 10:23:5] [INFO] Booting the 'StatusMonitor' middleware...
[2021-10-1 10:30:34] [INFO] Booting the 'CORS' middleware...
[2021-10-1 10:30:34] [INFO] Booting the 'HTTP' middleware...
[2021-10-1 10:30:34] [INFO] Booting the 'StatusMonitor' middleware...
[2021-10-1 10:30:34] [INFO] Booting the 'Views' middleware...
[2021-10-1 10:30:34] [INFO] Booting the 'Statics' middleware...
[2021-10-1 10:30:34] [INFO] Booting the 'CsrfToken' middleware...
[2021-10-1 10:52:50] [INFO] Booting the 'CORS' middleware...
[2021-10-1 10:52:50] [INFO] Booting the 'HTTP' middleware...
[2021-10-1 10:52:50] [INFO] Booting the 'CsrfToken' middleware...
[2021-10-1 10:52:50] [INFO] Booting the 'Views' middleware...
[2021-10-1 10:52:50] [INFO] Booting the 'Statics' middleware...
[2021-10-1 10:52:50] [INFO] Booting the 'StatusMonitor' middleware...
[2021-10-1 10:53:54] [INFO] Booting the 'CORS' middleware...
[2021-10-1 10:53:54] [INFO] Booting the 'HTTP' middleware...
[2021-10-1 10:53:54] [INFO] Booting the 'CsrfToken' middleware...
[2021-10-1 10:53:54] [INFO] Booting the 'Views' middleware...
[2021-10-1 10:53:54] [INFO] Booting the 'StatusMonitor' middleware...
[2021-10-1 10:53:54] [INFO] Booting the 'Statics' middleware...
[2021-10-1 10:56:50] [INFO] Booting the 'CORS' middleware...
[2021-10-1 10:56:50] [INFO] Booting the 'CsrfToken' middleware...
[2021-10-1 10:56:50] [INFO] Booting the 'StatusMonitor' middleware...
[2021-10-1 10:56:50] [INFO] Booting the 'HTTP' middleware...
[2021-10-1 10:56:50] [INFO] Booting the 'Views' middleware...
[2021-10-1 10:56:50] [INFO] Booting the 'Statics' middleware...
[2021-10-1 11:12:46] [INFO] Booting the 'CORS' middleware...
[2021-10-1 11:12:46] [INFO] Booting the 'HTTP' middleware...
[2021-10-1 11:12:46] [INFO] Booting the 'CsrfToken' middleware...
[2021-10-1 11:12:46] [INFO] Booting the 'Views' middleware...
[2021-10-1 11:12:46] [INFO] Booting the 'Statics' middleware...
[2021-10-1 11:12:46] [INFO] Booting the 'StatusMonitor' middleware...
[2021-10-1 11:14:30] [INFO] Booting the 'CORS' middleware...
[2021-10-1 11:14:30] [INFO] Booting the 'HTTP' middleware...
[2021-10-1 11:14:30] [INFO] Booting the 'CsrfToken' middleware...
[2021-10-1 11:14:30] [INFO] Booting the 'Views' middleware...
[2021-10-1 11:14:30] [INFO] Booting the 'Statics' middleware...
[2021-10-1 11:14:30] [INFO] Booting the 'StatusMonitor' middleware...
[2021-10-1 11:17:36] [INFO] Booting the 'CORS' middleware...
[2021-10-1 11:17:36] [INFO] Booting the 'HTTP' middleware...
[2021-10-1 11:17:36] [INFO] Booting the 'CsrfToken' middleware...
[2021-10-1 11:17:36] [INFO] Booting the 'Views' middleware...
[2021-10-1 11:17:36] [INFO] Booting the 'Statics' middleware...
[2021-10-1 11:17:36] [INFO] Booting the 'StatusMonitor' middleware...
[2021-10-1 11:19:32] [INFO] Booting the 'CORS' middleware...
[2021-10-1 11:19:32] [INFO] Booting the 'Views' middleware...
[2021-10-1 11:19:32] [INFO] Booting the 'Statics' middleware...
[2021-10-1 11:19:32] [INFO] Booting the 'StatusMonitor' middleware...
[2021-10-1 11:19:32] [INFO] Booting the 'HTTP' middleware...
[2021-10-1 11:19:32] [INFO] Booting the 'CsrfToken' middleware...
[2021-10-1 11:21:4] [INFO] Booting the 'CORS' middleware...
[2021-10-1 11:21:4] [INFO] Booting the 'HTTP' middleware...
[2021-10-1 11:21:4] [INFO] Booting the 'CsrfToken' middleware...
[2021-10-1 11:21:4] [INFO] Booting the 'Views' middleware...
[2021-10-1 11:21:4] [INFO] Booting the 'Statics' middleware...
[2021-10-1 11:21:4] [INFO] Booting the 'StatusMonitor' middleware...
[2021-10-1 11:44:54] [INFO] Booting the 'CORS' middleware...
[2021-10-1 11:44:54] [INFO] Booting the 'CsrfToken' middleware...
[2021-10-1 11:44:54] [INFO] Booting the 'StatusMonitor' middleware...
[2021-10-1 11:44:54] [INFO] Booting the 'HTTP' middleware...
[2021-10-1 11:44:54] [INFO] Booting the 'Views' middleware...
[2021-10-1 11:44:54] [INFO] Booting the 'Statics' middleware...
[2021-10-1 11:45:59] [INFO] Booting the 'CORS' middleware...
[2021-10-1 11:45:59] [INFO] Booting the 'HTTP' middleware...
[2021-10-1 11:45:59] [INFO] Booting the 'CsrfToken' middleware...
[2021-10-1 11:45:59] [INFO] Booting the 'Views' middleware...
[2021-10-1 11:45:59] [INFO] Booting the 'Statics' middleware...
[2021-10-1 11:45:59] [INFO] Booting the 'StatusMonitor' middleware...
[2021-10-1 12:7:17] [INFO] Booting the 'CORS' middleware...
[2021-10-1 12:7:17] [INFO] Booting the 'HTTP' middleware...
[2021-10-1 12:7:17] [INFO] Booting the 'CsrfToken' middleware...
[2021-10-1 12:7:17] [INFO] Booting the 'Views' middleware...
[2021-10-1 12:7:17] [INFO] Booting the 'Statics' middleware...
[2021-10-1 12:7:17] [INFO] Booting the 'StatusMonitor' middleware...
[2021-10-1 12:8:18] [INFO] Booting the 'CORS' middleware...
[2021-10-1 12:8:18] [INFO] Booting the 'HTTP' middleware...
[2021-10-1 12:8:18] [INFO] Booting the 'CsrfToken' middleware...
[2021-10-1 12:8:18] [INFO] Booting the 'Views' middleware...
[2021-10-1 12:8:18] [INFO] Booting the 'Statics' middleware...
[2021-10-1 12:8:18] [INFO] Booting the 'StatusMonitor' middleware...
[2021-10-1 12:9:33] [INFO] Booting the 'CORS' middleware...
[2021-10-1 12:9:33] [INFO] Booting the 'HTTP' middleware...
[2021-10-1 12:9:33] [INFO] Booting the 'CsrfToken' middleware...
[2021-10-1 12:9:33] [INFO] Booting the 'Views' middleware...
[2021-10-1 12:9:33] [INFO] Booting the 'Statics' middleware...
[2021-10-1 12:9:33] [INFO] Booting the 'StatusMonitor' middleware...
[2021-10-1 12:10:41] [INFO] Booting the 'CORS' middleware...
[2021-10-1 12:10:41] [INFO] Booting the 'HTTP' middleware...
[2021-10-1 12:10:41] [INFO] Booting the 'CsrfToken' middleware...
[2021-10-1 12:10:41] [INFO] Booting the 'Views' middleware...
[2021-10-1 12:10:41] [INFO] Booting the 'Statics' middleware...
[2021-10-1 12:10:41] [INFO] Booting the 'StatusMonitor' middleware...
[2021-10-1 12:12:14] [INFO] Booting the 'CORS' middleware...
[2021-10-1 12:12:14] [INFO] Booting the 'HTTP' middleware...
[2021-10-1 12:12:14] [INFO] Booting the 'CsrfToken' middleware...
[2021-10-1 12:12:14] [INFO] Booting the 'Views' middleware...
[2021-10-1 12:12:14] [INFO] Booting the 'Statics' middleware...
[2021-10-1 12:12:14] [INFO] Booting the 'StatusMonitor' middleware...
[2021-10-1 12:14:7] [INFO] Booting the 'CORS' middleware...
[2021-10-1 12:14:7] [INFO] Booting the 'HTTP' middleware...
[2021-10-1 12:14:7] [INFO] Booting the 'CsrfToken' middleware...
[2021-10-1 12:14:7] [INFO] Booting the 'Views' middleware...
[2021-10-1 12:14:7] [INFO] Booting the 'Statics' middleware...
[2021-10-1 12:14:7] [INFO] Booting the 'StatusMonitor' middleware...
[2021-10-1 12:14:40] [INFO] Booting the 'CORS' middleware...
[2021-10-1 12:14:40] [INFO] Booting the 'HTTP' middleware...
[2021-10-1 12:14:40] [INFO] Booting the 'CsrfToken' middleware...
[2021-10-1 12:14:40] [INFO] Booting the 'Views' middleware...
[2021-10-1 12:14:40] [INFO] Booting the 'Statics' middleware...
[2021-10-1 12:14:40] [INFO] Booting the 'StatusMonitor' middleware...
[2021-10-1 12:16:52] [INFO] Booting the 'CORS' middleware...
[2021-10-1 12:16:52] [INFO] Booting the 'HTTP' middleware...
[2021-10-1 12:16:52] [INFO] Booting the 'CsrfToken' middleware...
[2021-10-1 12:16:52] [INFO] Booting the 'Views' middleware...
[2021-10-1 12:16:52] [INFO] Booting the 'Statics' middleware...
[2021-10-1 12:16:52] [INFO] Booting the 'StatusMonitor' middleware...
[2021-10-1 12:25:21] [INFO] Booting the 'CORS' middleware...
[2021-10-1 12:25:21] [INFO] Booting the 'HTTP' middleware...
[2021-10-1 12:25:21] [INFO] Booting the 'CsrfToken' middleware...
[2021-10-1 12:25:21] [INFO] Booting the 'Views' middleware...
[2021-10-1 12:25:21] [INFO] Booting the 'Statics' middleware...
[2021-10-1 12:25:21] [INFO] Booting the 'StatusMonitor' middleware...
[2021-10-1 12:26:18] [INFO] Booting the 'CORS' middleware...
[2021-10-1 12:26:18] [INFO] Booting the 'HTTP' middleware...
[2021-10-1 12:26:18] [INFO] Booting the 'CsrfToken' middleware...
[2021-10-1 12:26:18] [INFO] Booting the 'Views' middleware...
[2021-10-1 12:26:18] [INFO] Booting the 'Statics' middleware...
[2021-10-1 12:26:18] [INFO] Booting the 'StatusMonitor' middleware...
[2021-10-1 12:27:31] [INFO] Booting the 'CORS' middleware...
[2021-10-1 12:27:31] [INFO] Booting the 'HTTP' middleware...
[2021-10-1 12:27:31] [INFO] Booting the 'CsrfToken' middleware...
[2021-10-1 12:27:31] [INFO] Booting the 'Views' middleware...
[2021-10-1 12:27:31] [INFO] Booting the 'Statics' middleware...
[2021-10-1 12:27:31] [INFO] Booting the 'StatusMonitor' middleware...
[2021-10-1 12:29:21] [INFO] Booting the 'CORS' middleware...
[2021-10-1 12:29:21] [INFO] Booting the 'HTTP' middleware...
[2021-10-1 12:29:21] [INFO] Booting the 'CsrfToken' middleware...
[2021-10-1 12:29:21] [INFO] Booting the 'Views' middleware...
[2021-10-1 12:29:21] [INFO] Booting the 'Statics' middleware...
[2021-10-1 12:29:21] [INFO] Booting the 'StatusMonitor' middleware...
[2021-10-1 12:34:45] [INFO] Booting the 'CORS' middleware...
[2021-10-1 12:34:45] [INFO] Booting the 'HTTP' middleware...
[2021-10-1 12:34:45] [INFO] Booting the 'CsrfToken' middleware...
[2021-10-1 12:34:45] [INFO] Booting the 'Views' middleware...
[2021-10-1 12:34:45] [INFO] Booting the 'Statics' middleware...
[2021-10-1 12:34:45] [INFO] Booting the 'StatusMonitor' middleware...
[2021-10-1 12:36:6] [INFO] Booting the 'CORS' middleware...
[2021-10-1 12:36:6] [INFO] Booting the 'HTTP' middleware...
[2021-10-1 12:36:6] [INFO] Booting the 'CsrfToken' middleware...
[2021-10-1 12:36:6] [INFO] Booting the 'Views' middleware...
[2021-10-1 12:36:6] [INFO] Booting the 'Statics' middleware...
[2021-10-1 12:36:6] [INFO] Booting the 'StatusMonitor' middleware...
[2021-10-1 12:41:52] [INFO] Booting the 'CORS' middleware...
[2021-10-1 12:41:52] [INFO] Booting the 'HTTP' middleware...
[2021-10-1 12:41:52] [INFO] Booting the 'CsrfToken' middleware...
[2021-10-1 12:41:52] [INFO] Booting the 'Views' middleware...
[2021-10-1 12:41:52] [INFO] Booting the 'Statics' middleware...
[2021-10-1 12:41:52] [INFO] Booting the 'StatusMonitor' middleware...
[2021-10-1 12:51:56] [INFO] Booting the 'CORS' middleware...
[2021-10-1 12:51:56] [INFO] Booting the 'HTTP' middleware...
[2021-10-1 12:51:56] [INFO] Booting the 'CsrfToken' middleware...
[2021-10-1 12:51:56] [INFO] Booting the 'Views' middleware...
[2021-10-1 12:51:56] [INFO] Booting the 'Statics' middleware...
[2021-10-1 12:51:56] [INFO] Booting the 'StatusMonitor' middleware...
[2021-10-1 12:52:27] [INFO] Booting the 'CORS' middleware...
[2021-10-1 12:52:27] [INFO] Booting the 'HTTP' middleware...
[2021-10-1 12:52:27] [INFO] Booting the 'CsrfToken' middleware...
[2021-10-1 12:52:27] [INFO] Booting the 'Views' middleware...
[2021-10-1 12:52:27] [INFO] Booting the 'Statics' middleware...
[2021-10-1 12:52:27] [INFO] Booting the 'StatusMonitor' middleware...
[2021-10-1 12:58:14] [INFO] Booting the 'CORS' middleware...
[2021-10-1 12:58:14] [INFO] Booting the 'HTTP' middleware...
[2021-10-1 12:58:14] [INFO] Booting the 'CsrfToken' middleware...
[2021-10-1 12:58:14] [INFO] Booting the 'Views' middleware...
[2021-10-1 12:58:14] [INFO] Booting the 'Statics' middleware...
[2021-10-1 12:58:14] [INFO] Booting the 'StatusMonitor' middleware...
[2021-10-1 12:59:29] [INFO] Booting the 'CORS' middleware...
[2021-10-1 12:59:29] [INFO] Booting the 'HTTP' middleware...
[2021-10-1 12:59:29] [INFO] Booting the 'CsrfToken' middleware...
[2021-10-1 12:59:29] [INFO] Booting the 'Views' middleware...
[2021-10-1 12:59:29] [INFO] Booting the 'Statics' middleware...
[2021-10-1 12:59:29] [INFO] Booting the 'StatusMonitor' middleware...
[2021-10-1 13:5:13] [INFO] Booting the 'CORS' middleware...
[2021-10-1 13:5:13] [INFO] Booting the 'HTTP' middleware...
[2021-10-1 13:5:13] [INFO] Booting the 'CsrfToken' middleware...
[2021-10-1 13:5:13] [INFO] Booting the 'Views' middleware...
[2021-10-1 13:5:13] [INFO] Booting the 'Statics' middleware...
[2021-10-1 13:5:13] [INFO] Booting the 'StatusMonitor' middleware...
[2021-10-1 13:9:20] [INFO] Booting the 'CORS' middleware...
[2021-10-1 13:9:20] [INFO] Booting the 'HTTP' middleware...
[2021-10-1 13:9:20] [INFO] Booting the 'CsrfToken' middleware...
[2021-10-1 13:9:20] [INFO] Booting the 'Views' middleware...
[2021-10-1 13:9:20] [INFO] Booting the 'Statics' middleware...
[2021-10-1 13:9:20] [INFO] Booting the 'StatusMonitor' middleware...
[2021-10-1 13:10:56] [INFO] Booting the 'CORS' middleware...
[2021-10-1 13:10:56] [INFO] Booting the 'HTTP' middleware...
[2021-10-1 13:10:56] [INFO] Booting the 'CsrfToken' middleware...
[2021-10-1 13:10:56] [INFO] Booting the 'Views' middleware...
[2021-10-1 13:10:56] [INFO] Booting the 'Statics' middleware...
[2021-10-1 13:10:56] [INFO] Booting the 'StatusMonitor' middleware...
[2021-10-1 13:15:27] [INFO] Booting the 'CORS' middleware...
[2021-10-1 13:15:27] [INFO] Booting the 'HTTP' middleware...
[2021-10-1 13:15:27] [INFO] Booting the 'CsrfToken' middleware...
[2021-10-1 13:15:27] [INFO] Booting the 'Views' middleware...
[2021-10-1 13:15:27] [INFO] Booting the 'Statics' middleware...
[2021-10-1 13:15:27] [INFO] Booting the 'StatusMonitor' middleware...
[2021-10-1 13:18:27] [INFO] Booting the 'CORS' middleware...
[2021-10-1 13:18:27] [INFO] Booting the 'HTTP' middleware...
[2021-10-1 13:18:27] [INFO] Booting the 'CsrfToken' middleware...
[2021-10-1 13:18:27] [INFO] Booting the 'Views' middleware...
[2021-10-1 13:18:27] [INFO] Booting the 'Statics' middleware...
[2021-10-1 13:18:27] [INFO] Booting the 'StatusMonitor' middleware...
[2021-10-1 13:19:52] [INFO] Booting the 'CORS' middleware...
[2021-10-1 13:19:52] [INFO] Booting the 'HTTP' middleware...
[2021-10-1 13:19:52] [INFO] Booting the 'CsrfToken' middleware...
[2021-10-1 13:19:52] [INFO] Booting the 'Views' middleware...
[2021-10-1 13:19:52] [INFO] Booting the 'Statics' middleware...
[2021-10-1 13:19:52] [INFO] Booting the 'StatusMonitor' middleware...
[2021-10-1 13:28:50] [INFO] Booting the 'CORS' middleware...
[2021-10-1 13:28:50] [INFO] Booting the 'HTTP' middleware...
[2021-10-1 13:28:50] [INFO] Booting the 'CsrfToken' middleware...
[2021-10-1 13:28:50] [INFO] Booting the 'Views' middleware...
[2021-10-1 13:28:50] [INFO] Booting the 'Statics' middleware...
[2021-10-1 13:28:50] [INFO] Booting the 'StatusMonitor' middleware...
[2021-10-1 13:33:4] [INFO] Booting the 'CORS' middleware...
[2021-10-1 13:33:4] [INFO] Booting the 'HTTP' middleware...
[2021-10-1 13:33:4] [INFO] Booting the 'CsrfToken' middleware...
[2021-10-1 13:33:4] [INFO] Booting the 'Views' middleware...
[2021-10-1 13:33:4] [INFO] Booting the 'Statics' middleware...
[2021-10-1 13:33:4] [INFO] Booting the 'StatusMonitor' middleware...
[2021-10-1 13:36:23] [INFO] Booting the 'CORS' middleware...
[2021-10-1 13:36:23] [INFO] Booting the 'HTTP' middleware...
[2021-10-1 13:36:23] [INFO] Booting the 'CsrfToken' middleware...
[2021-10-1 13:36:23] [INFO] Booting the 'Views' middleware...
[2021-10-1 13:36:23] [INFO] Booting the 'Statics' middleware...
[2021-10-1 13:36:23] [INFO] Booting the 'StatusMonitor' middleware...
[2021-10-1 13:38:28] [INFO] Booting the 'CORS' middleware...
[2021-10-1 13:38:28] [INFO] Booting the 'HTTP' middleware...
[2021-10-1 13:38:28] [INFO] Booting the 'CsrfToken' middleware...
[2021-10-1 13:38:28] [INFO] Booting the 'Views' middleware...
[2021-10-1 13:38:28] [INFO] Booting the 'Statics' middleware...
[2021-10-1 13:38:28] [INFO] Booting the 'StatusMonitor' middleware...
[2021-10-1 13:39:53] [INFO] Booting the 'CORS' middleware...
[2021-10-1 13:39:53] [INFO] Booting the 'HTTP' middleware...
[2021-10-1 13:39:53] [INFO] Booting the 'CsrfToken' middleware...
[2021-10-1 13:39:53] [INFO] Booting the 'Views' middleware...
[2021-10-1 13:39:53] [INFO] Booting the 'Statics' middleware...
[2021-10-1 13:39:53] [INFO] Booting the 'StatusMonitor' middleware...
[2021-10-1 14:37:7] [INFO] Booting the 'CORS' middleware...
[2021-10-1 14:37:7] [INFO] Booting the 'HTTP' middleware...
[2021-10-1 14:37:7] [INFO] Booting the 'CsrfToken' middleware...
[2021-10-1 14:37:7] [INFO] Booting the 'Views' middleware...
[2021-10-1 14:37:7] [INFO] Booting the 'Statics' middleware...
[2021-10-1 14:37:7] [INFO] Booting the 'StatusMonitor' middleware...
[2021-10-1 14:49:16] [INFO] Booting the 'CORS' middleware...
[2021-10-1 14:49:16] [INFO] Booting the 'HTTP' middleware...
[2021-10-1 14:49:16] [INFO] Booting the 'CsrfToken' middleware...
[2021-10-1 14:49:16] [INFO] Booting the 'Views' middleware...
[2021-10-1 14:49:16] [INFO] Booting the 'Statics' middleware...
[2021-10-1 14:49:16] [INFO] Booting the 'StatusMonitor' middleware...
[2021-10-1 14:58:30] [INFO] Booting the 'CORS' middleware...
[2021-10-1 14:58:30] [INFO] Booting the 'HTTP' middleware...
[2021-10-1 14:58:30] [INFO] Booting the 'CsrfToken' middleware...
[2021-10-1 14:58:30] [INFO] Booting the 'Views' middleware...
[2021-10-1 14:58:30] [INFO] Booting the 'Statics' middleware...
[2021-10-1 14:58:30] [INFO] Booting the 'StatusMonitor' middleware...
[2021-10-1 14:59:57] [INFO] Booting the 'CORS' middleware...
[2021-10-1 14:59:57] [INFO] Booting the 'HTTP' middleware...
[2021-10-1 14:59:57] [INFO] Booting the 'CsrfToken' middleware...
[2021-10-1 14:59:57] [INFO] Booting the 'Views' middleware...
[2021-10-1 14:59:57] [INFO] Booting the 'Statics' middleware...
[2021-10-1 14:59:57] [INFO] Booting the 'StatusMonitor' middleware...
[2021-10-1 15:1:15] [INFO] Booting the 'CORS' middleware...
[2021-10-1 15:1:15] [INFO] Booting the 'HTTP' middleware...
[2021-10-1 15:1:15] [INFO] Booting the 'CsrfToken' middleware...
[2021-10-1 15:1:15] [INFO] Booting the 'Views' middleware...
[2021-10-1 15:1:15] [INFO] Booting the 'Statics' middleware...
[2021-10-1 15:1:15] [INFO] Booting the 'StatusMonitor' middleware...
[2021-10-1 15:3:27] [INFO] Booting the 'CORS' middleware...
[2021-10-1 15:3:27] [INFO] Booting the 'HTTP' middleware...
[2021-10-1 15:3:27] [INFO] Booting the 'CsrfToken' middleware...
[2021-10-1 15:3:27] [INFO] Booting the 'Views' middleware...
[2021-10-1 15:3:27] [INFO] Booting the 'Statics' middleware...
[2021-10-1 15:3:27] [INFO] Booting the 'StatusMonitor' middleware...
[2021-10-1 15:16:10] [INFO] Booting the 'CORS' middleware...
[2021-10-1 15:16:10] [INFO] Booting the 'HTTP' middleware...
[2021-10-1 15:16:10] [INFO] Booting the 'CsrfToken' middleware...
[2021-10-1 15:16:10] [INFO] Booting the 'Views' middleware...
[2021-10-1 15:16:10] [INFO] Booting the 'Statics' middleware...
[2021-10-1 15:16:10] [INFO] Booting the 'StatusMonitor' middleware...
[2021-10-1 15:17:42] [INFO] Booting the 'CORS' middleware...
[2021-10-1 15:17:42] [INFO] Booting the 'HTTP' middleware...
[2021-10-1 15:17:42] [INFO] Booting the 'CsrfToken' middleware...
[2021-10-1 15:17:42] [INFO] Booting the 'Views' middleware...
[2021-10-1 15:17:42] [INFO] Booting the 'Statics' middleware...
[2021-10-1 15:17:42] [INFO] Booting the 'StatusMonitor' middleware...
[2021-10-1 15:26:53] [INFO] Booting the 'CORS' middleware...
[2021-10-1 15:26:53] [INFO] Booting the 'HTTP' middleware...
[2021-10-1 15:26:53] [INFO] Booting the 'CsrfToken' middleware...
[2021-10-1 15:26:53] [INFO] Booting the 'Views' middleware...
[2021-10-1 15:26:53] [INFO] Booting the 'Statics' middleware...
[2021-10-1 15:26:53] [INFO] Booting the 'StatusMonitor' middleware...
[2021-10-1 15:33:0] [INFO] Booting the 'CORS' middleware...
[2021-10-1 15:33:0] [INFO] Booting the 'HTTP' middleware...
[2021-10-1 15:33:0] [INFO] Booting the 'CsrfToken' middleware...
[2021-10-1 15:33:0] [INFO] Booting the 'Views' middleware...
[2021-10-1 15:33:0] [INFO] Booting the 'Statics' middleware...
[2021-10-1 15:33:0] [INFO] Booting the 'StatusMonitor' middleware...
[2021-10-1 15:35:18] [INFO] Booting the 'CORS' middleware...
[2021-10-1 15:35:18] [INFO] Booting the 'HTTP' middleware...
[2021-10-1 15:35:18] [INFO] Booting the 'CsrfToken' middleware...
[2021-10-1 15:35:18] [INFO] Booting the 'Views' middleware...
[2021-10-1 15:35:18] [INFO] Booting the 'Statics' middleware...
[2021-10-1 15:35:18] [INFO] Booting the 'StatusMonitor' middleware...
[2021-10-1 15:37:18] [INFO] Booting the 'CORS' middleware...
[2021-10-1 15:37:18] [INFO] Booting the 'HTTP' middleware...
[2021-10-1 15:37:18] [INFO] Booting the 'CsrfToken' middleware...
[2021-10-1 15:37:18] [INFO] Booting the 'Views' middleware...
[2021-10-1 15:37:18] [INFO] Booting the 'Statics' middleware...
[2021-10-1 15:37:18] [INFO] Booting the 'StatusMonitor' middleware...
[2021-10-1 15:40:15] [INFO] Booting the 'CORS' middleware...
[2021-10-1 15:40:15] [INFO] Booting the 'HTTP' middleware...
[2021-10-1 15:40:15] [INFO] Booting the 'CsrfToken' middleware...
[2021-10-1 15:40:15] [INFO] Booting the 'Views' middleware...
[2021-10-1 15:40:15] [INFO] Booting the 'Statics' middleware...
[2021-10-1 15:40:15] [INFO] Booting the 'StatusMonitor' middleware...
[2021-10-1 15:41:23] [INFO] Booting the 'CORS' middleware...
[2021-10-1 15:41:23] [INFO] Booting the 'HTTP' middleware...
[2021-10-1 15:41:23] [INFO] Booting the 'CsrfToken' middleware...
[2021-10-1 15:41:23] [INFO] Booting the 'Views' middleware...
[2021-10-1 15:41:23] [INFO] Booting the 'Statics' middleware...
[2021-10-1 15:41:23] [INFO] Booting the 'StatusMonitor' middleware...
[2021-10-1 15:47:5] [INFO] Booting the 'CORS' middleware...
[2021-10-1 15:47:5] [INFO] Booting the 'HTTP' middleware...
[2021-10-1 15:47:5] [INFO] Booting the 'CsrfToken' middleware...
[2021-10-1 15:47:5] [INFO] Booting the 'Views' middleware...
[2021-10-1 15:47:5] [INFO] Booting the 'Statics' middleware...
[2021-10-1 15:47:5] [INFO] Booting the 'StatusMonitor' middleware...
[2021-10-1 15:48:48] [INFO] Booting the 'CORS' middleware...
[2021-10-1 15:48:48] [INFO] Booting the 'HTTP' middleware...
[2021-10-1 15:48:48] [INFO] Booting the 'CsrfToken' middleware...
[2021-10-1 15:48:48] [INFO] Booting the 'Views' middleware...
[2021-10-1 15:48:48] [INFO] Booting the 'Statics' middleware...
[2021-10-1 15:48:48] [INFO] Booting the 'StatusMonitor' middleware...
[2021-10-1 16:4:12] [INFO] Booting the 'CORS' middleware...
[2021-10-1 16:4:12] [INFO] Booting the 'HTTP' middleware...
[2021-10-1 16:4:12] [INFO] Booting the 'StatusMonitor' middleware...
[2021-10-1 16:4:12] [INFO] Booting the 'Views' middleware...
[2021-10-1 16:4:12] [INFO] Booting the 'Statics' middleware...
[2021-10-1 16:4:12] [INFO] Booting the 'CsrfToken' middleware...
[2021-10-1 16:23:51] [INFO] Booting the 'CORS' middleware...
[2021-10-1 16:23:51] [INFO] Booting the 'HTTP' middleware...
[2021-10-1 16:23:51] [INFO] Booting the 'StatusMonitor' middleware...
[2021-10-1 16:23:51] [INFO] Booting the 'CsrfToken' middleware...
[2021-10-1 16:23:51] [INFO] Booting the 'Statics' middleware...
[2021-10-1 16:23:51] [INFO] Booting the 'Views' middleware...
[2021-10-1 16:35:49] [INFO] Booting the 'CORS' middleware...
[2021-10-1 16:35:49] [INFO] Booting the 'Statics' middleware...
[2021-10-1 16:35:49] [INFO] Booting the 'StatusMonitor' middleware...
[2021-10-1 16:35:49] [INFO] Booting the 'Views' middleware...
[2021-10-1 16:35:49] [INFO] Booting the 'HTTP' middleware...
[2021-10-1 16:35:49] [INFO] Booting the 'CsrfToken' middleware...
[2021-10-1 16:38:29] [INFO] Booting the 'CORS' middleware...
[2021-10-1 16:38:29] [INFO] Booting the 'HTTP' middleware...
[2021-10-1 16:38:29] [INFO] Booting the 'CsrfToken' middleware...
[2021-10-1 16:38:29] [INFO] Booting the 'Views' middleware...
[2021-10-1 16:38:29] [INFO] Booting the 'Statics' middleware...
[2021-10-1 16:38:29] [INFO] Booting the 'StatusMonitor' middleware...
[2021-10-1 17:1:35] [INFO] Booting the 'CORS' middleware...
[2021-10-1 17:1:35] [INFO] Booting the 'Statics' middleware...
[2021-10-1 17:1:35] [INFO] Booting the 'StatusMonitor' middleware...
[2021-10-1 17:1:35] [INFO] Booting the 'Views' middleware...
[2021-10-1 17:1:35] [INFO] Booting the 'HTTP' middleware...
[2021-10-1 17:1:35] [INFO] Booting the 'CsrfToken' middleware...
[2021-10-1 17:2:49] [INFO] Booting the 'CORS' middleware...
[2021-10-1 17:2:49] [INFO] Booting the 'HTTP' middleware...
[2021-10-1 17:2:49] [INFO] Booting the 'CsrfToken' middleware...
[2021-10-1 17:2:49] [INFO] Booting the 'Views' middleware...
[2021-10-1 17:2:49] [INFO] Booting the 'Statics' middleware...
[2021-10-1 17:2:49] [INFO] Booting the 'StatusMonitor' middleware...
[2021-10-1 17:4:1] [INFO] Booting the 'CORS' middleware...
[2021-10-1 17:4:1] [INFO] Booting the 'HTTP' middleware...
[2021-10-1 17:4:1] [INFO] Booting the 'CsrfToken' middleware...
[2021-10-1 17:4:1] [INFO] Booting the 'Views' middleware...
[2021-10-1 17:4:1] [INFO] Booting the 'Statics' middleware...
[2021-10-1 17:4:1] [INFO] Booting the 'StatusMonitor' middleware...
[2021-10-1 17:6:10] [INFO] Booting the 'CORS' middleware...
[2021-10-1 17:6:10] [INFO] Booting the 'HTTP' middleware...
[2021-10-1 17:6:10] [INFO] Booting the 'CsrfToken' middleware...
[2021-10-1 17:6:10] [INFO] Booting the 'Views' middleware...
[2021-10-1 17:6:10] [INFO] Booting the 'Statics' middleware...
[2021-10-1 17:6:10] [INFO] Booting the 'StatusMonitor' middleware...
[2021-10-1 17:9:35] [INFO] Booting the 'CORS' middleware...
[2021-10-1 17:9:35] [INFO] Booting the 'HTTP' middleware...
[2021-10-1 17:9:35] [INFO] Booting the 'StatusMonitor' middleware...
[2021-10-1 17:9:35] [INFO] Booting the 'Views' middleware...
[2021-10-1 17:9:35] [INFO] Booting the 'Statics' middleware...
[2021-10-1 17:9:35] [INFO] Booting the 'CsrfToken' middleware...
[2021-10-1 17:11:6] [INFO] Booting the 'CORS' middleware...
[2021-10-1 17:11:6] [INFO] Booting the 'HTTP' middleware...
[2021-10-1 17:11:6] [INFO] Booting the 'CsrfToken' middleware...
[2021-10-1 17:11:6] [INFO] Booting the 'Views' middleware...
[2021-10-1 17:11:6] [INFO] Booting the 'Statics' middleware...
[2021-10-1 17:11:6] [INFO] Booting the 'StatusMonitor' middleware...
[2021-10-1 17:14:21] [INFO] Booting the 'CORS' middleware...
[2021-10-1 17:14:21] [INFO] Booting the 'HTTP' middleware...
[2021-10-1 17:14:21] [INFO] Booting the 'CsrfToken' middleware...
[2021-10-1 17:14:21] [INFO] Booting the 'Views' middleware...
[2021-10-1 17:14:21] [INFO] Booting the 'Statics' middleware...
[2021-10-1 17:14:21] [INFO] Booting the 'StatusMonitor' middleware...
[2021-10-1 17:15:48] [INFO] Booting the 'CORS' middleware...
[2021-10-1 17:15:48] [INFO] Booting the 'HTTP' middleware...
[2021-10-1 17:15:48] [INFO] Booting the 'CsrfToken' middleware...
[2021-10-1 17:15:48] [INFO] Booting the 'Views' middleware...
[2021-10-1 17:15:48] [INFO] Booting the 'Statics' middleware...
[2021-10-1 17:15:48] [INFO] Booting the 'StatusMonitor' middleware...
[2021-10-1 17:17:40] [INFO] Booting the 'CORS' middleware...
[2021-10-1 17:17:40] [INFO] Booting the 'HTTP' middleware...
[2021-10-1 17:17:40] [INFO] Booting the 'CsrfToken' middleware...
[2021-10-1 17:17:40] [INFO] Booting the 'Views' middleware...
[2021-10-1 17:17:40] [INFO] Booting the 'Statics' middleware...
[2021-10-1 17:17:40] [INFO] Booting the 'StatusMonitor' middleware...
[2021-10-1 17:25:12] [INFO] Booting the 'CORS' middleware...
[2021-10-1 17:25:12] [INFO] Booting the 'HTTP' middleware...
[2021-10-1 17:25:12] [INFO] Booting the 'CsrfToken' middleware...
[2021-10-1 17:25:12] [INFO] Booting the 'Views' middleware...
[2021-10-1 17:25:12] [INFO] Booting the 'Statics' middleware...
[2021-10-1 17:25:12] [INFO] Booting the 'StatusMonitor' middleware...
[2021-10-1 17:30:57] [INFO] Booting the 'CORS' middleware...
[2021-10-1 17:30:57] [INFO] Booting the 'HTTP' middleware...
[2021-10-1 17:30:57] [INFO] Booting the 'CsrfToken' middleware...
[2021-10-1 17:30:57] [INFO] Booting the 'Views' middleware...
[2021-10-1 17:30:57] [INFO] Booting the 'Statics' middleware...
[2021-10-1 17:30:57] [INFO] Booting the 'StatusMonitor' middleware...
[2021-10-1 17:37:38] [INFO] Booting the 'CORS' middleware...
[2021-10-1 17:37:38] [INFO] Booting the 'HTTP' middleware...
[2021-10-1 17:37:38] [INFO] Booting the 'CsrfToken' middleware...
[2021-10-1 17:37:38] [INFO] Booting the 'Views' middleware...
[2021-10-1 17:37:38] [INFO] Booting the 'Statics' middleware...
[2021-10-1 17:37:38] [INFO] Booting the 'StatusMonitor' middleware...
[2021-10-1 17:40:13] [INFO] Booting the 'CORS' middleware...
[2021-10-1 17:40:13] [INFO] Booting the 'HTTP' middleware...
[2021-10-1 17:40:13] [INFO] Booting the 'CsrfToken' middleware...
[2021-10-1 17:40:13] [INFO] Booting the 'Views' middleware...
[2021-10-1 17:40:13] [INFO] Booting the 'Statics' middleware...
[2021-10-1 17:40:13] [INFO] Booting the 'StatusMonitor' middleware...
[2021-10-1 17:41:13] [INFO] Booting the 'CORS' middleware...
[2021-10-1 17:41:13] [INFO] Booting the 'HTTP' middleware...
[2021-10-1 17:41:13] [INFO] Booting the 'CsrfToken' middleware...
[2021-10-1 17:41:13] [INFO] Booting the 'Views' middleware...
[2021-10-1 17:41:13] [INFO] Booting the 'Statics' middleware...
[2021-10-1 17:41:13] [INFO] Booting the 'StatusMonitor' middleware...
[2021-10-1 17:42:35] [INFO] Booting the 'CORS' middleware...
[2021-10-1 17:42:35] [INFO] Booting the 'HTTP' middleware...
[2021-10-1 17:42:35] [INFO] Booting the 'CsrfToken' middleware...
[2021-10-1 17:42:35] [INFO] Booting the 'Views' middleware...
[2021-10-1 17:42:35] [INFO] Booting the 'Statics' middleware...
[2021-10-1 17:42:35] [INFO] Booting the 'StatusMonitor' middleware...
[2021-10-1 17:44:38] [INFO] Booting the 'CORS' middleware...
[2021-10-1 17:44:38] [INFO] Booting the 'HTTP' middleware...
[2021-10-1 17:44:38] [INFO] Booting the 'CsrfToken' middleware...
[2021-10-1 17:44:38] [INFO] Booting the 'Views' middleware...
[2021-10-1 17:44:38] [INFO] Booting the 'Statics' middleware...
[2021-10-1 17:44:38] [INFO] Booting the 'StatusMonitor' middleware...
[2021-10-1 17:46:14] [INFO] Booting the 'CORS' middleware...
[2021-10-1 17:46:14] [INFO] Booting the 'HTTP' middleware...
[2021-10-1 17:46:14] [INFO] Booting the 'CsrfToken' middleware...
[2021-10-1 17:46:14] [INFO] Booting the 'Views' middleware...
[2021-10-1 17:46:14] [INFO] Booting the 'Statics' middleware...
[2021-10-1 17:46:14] [INFO] Booting the 'StatusMonitor' middleware...
[2021-10-1 17:48:20] [INFO] Booting the 'CORS' middleware...
[2021-10-1 17:48:20] [INFO] Booting the 'HTTP' middleware...
[2021-10-1 17:48:20] [INFO] Booting the 'CsrfToken' middleware...
[2021-10-1 17:48:20] [INFO] Booting the 'Views' middleware...
[2021-10-1 17:48:20] [INFO] Booting the 'Statics' middleware...
[2021-10-1 17:48:20] [INFO] Booting the 'StatusMonitor' middleware...
[2021-10-1 18:35:26] [INFO] Booting the 'CORS' middleware...
[2021-10-1 18:35:26] [INFO] Booting the 'HTTP' middleware...
[2021-10-1 18:35:26] [INFO] Booting the 'CsrfToken' middleware...
[2021-10-1 18:35:26] [INFO] Booting the 'Views' middleware...
[2021-10-1 18:35:26] [INFO] Booting the 'Statics' middleware...
[2021-10-1 18:35:26] [INFO] Booting the 'StatusMonitor' middleware...
[2021-10-1 18:36:45] [INFO] Booting the 'CORS' middleware...
[2021-10-1 18:36:45] [INFO] Booting the 'HTTP' middleware...
[2021-10-1 18:36:45] [INFO] Booting the 'CsrfToken' middleware...
[2021-10-1 18:36:45] [INFO] Booting the 'Views' middleware...
[2021-10-1 18:36:45] [INFO] Booting the 'Statics' middleware...
[2021-10-1 18:36:45] [INFO] Booting the 'StatusMonitor' middleware...
[2021-10-1 18:37:41] [INFO] Booting the 'CORS' middleware...
[2021-10-1 18:37:41] [INFO] Booting the 'HTTP' middleware...
[2021-10-1 18:37:41] [INFO] Booting the 'CsrfToken' middleware...
[2021-10-1 18:37:41] [INFO] Booting the 'Statics' middleware...
[2021-10-1 18:37:41] [INFO] Booting the 'Views' middleware...
[2021-10-1 18:37:41] [INFO] Booting the 'StatusMonitor' middleware...
[2021-10-1 18:39:0] [INFO] Booting the 'CORS' middleware...
[2021-10-1 18:39:0] [INFO] Booting the 'HTTP' middleware...
[2021-10-1 18:39:0] [INFO] Booting the 'CsrfToken' middleware...
[2021-10-1 18:39:0] [INFO] Booting the 'Views' middleware...
[2021-10-1 18:39:0] [INFO] Booting the 'Statics' middleware...
[2021-10-1 18:39:0] [INFO] Booting the 'StatusMonitor' middleware...
[2021-10-1 18:40:8] [INFO] Booting the 'CORS' middleware...
[2021-10-1 18:40:8] [INFO] Booting the 'HTTP' middleware...
[2021-10-1 18:40:8] [INFO] Booting the 'CsrfToken' middleware...
[2021-10-1 18:40:8] [INFO] Booting the 'Views' middleware...
[2021-10-1 18:40:8] [INFO] Booting the 'Statics' middleware...
[2021-10-1 18:40:8] [INFO] Booting the 'StatusMonitor' middleware...
[2021-10-1 18:41:57] [INFO] Booting the 'CORS' middleware...
[2021-10-1 18:41:57] [INFO] Booting the 'HTTP' middleware...
[2021-10-1 18:41:57] [INFO] Booting the 'CsrfToken' middleware...
[2021-10-1 18:41:57] [INFO] Booting the 'Views' middleware...
[2021-10-1 18:41:57] [INFO] Booting the 'Statics' middleware...
[2021-10-1 18:41:57] [INFO] Booting the 'StatusMonitor' middleware...
[2021-10-1 18:42:57] [INFO] Booting the 'CORS' middleware...
[2021-10-1 18:42:57] [INFO] Booting the 'HTTP' middleware...
[2021-10-1 18:42:57] [INFO] Booting the 'CsrfToken' middleware...
[2021-10-1 18:42:57] [INFO] Booting the 'Views' middleware...
[2021-10-1 18:42:57] [INFO] Booting the 'Statics' middleware...
[2021-10-1 18:42:57] [INFO] Booting the 'StatusMonitor' middleware...
[2021-10-1 18:43:50] [INFO] Booting the 'CORS' middleware...
[2021-10-1 18:43:50] [INFO] Booting the 'HTTP' middleware...
[2021-10-1 18:43:50] [INFO] Booting the 'CsrfToken' middleware...
[2021-10-1 18:43:50] [INFO] Booting the 'Views' middleware...
[2021-10-1 18:43:50] [INFO] Booting the 'Statics' middleware...
[2021-10-1 18:43:50] [INFO] Booting the 'StatusMonitor' middleware...
[2021-10-1 18:44:33] [INFO] Booting the 'CORS' middleware...
[2021-10-1 18:44:33] [INFO] Booting the 'HTTP' middleware...
[2021-10-1 18:44:33] [INFO] Booting the 'CsrfToken' middleware...
[2021-10-1 18:44:33] [INFO] Booting the 'Views' middleware...
[2021-10-1 18:44:33] [INFO] Booting the 'Statics' middleware...
[2021-10-1 18:44:33] [INFO] Booting the 'StatusMonitor' middleware...
[2021-10-1 18:45:20] [INFO] Booting the 'CORS' middleware...
[2021-10-1 18:45:20] [INFO] Booting the 'HTTP' middleware...
[2021-10-1 18:45:20] [INFO] Booting the 'CsrfToken' middleware...
[2021-10-1 18:45:20] [INFO] Booting the 'Views' middleware...
[2021-10-1 18:45:20] [INFO] Booting the 'Statics' middleware...
[2021-10-1 18:45:20] [INFO] Booting the 'StatusMonitor' middleware...
[2021-10-1 18:48:43] [INFO] Booting the 'CORS' middleware...
[2021-10-1 18:48:43] [INFO] Booting the 'HTTP' middleware...
[2021-10-1 18:48:43] [INFO] Booting the 'CsrfToken' middleware...
[2021-10-1 18:48:43] [INFO] Booting the 'Views' middleware...
[2021-10-1 18:48:43] [INFO] Booting the 'Statics' middleware...
[2021-10-1 18:48:43] [INFO] Booting the 'StatusMonitor' middleware...
