[2021-10-2 1:3:36] [INFO] Booting the 'CORS' middleware...
[2021-10-2 1:3:36] [INFO] Booting the 'HTTP' middleware...
[2021-10-2 1:3:36] [INFO] Booting the 'CsrfToken' middleware...
[2021-10-2 1:3:36] [INFO] Booting the 'Views' middleware...
[2021-10-2 1:3:36] [INFO] Booting the 'Statics' middleware...
[2021-10-2 1:3:36] [INFO] Booting the 'StatusMonitor' middleware...
[2021-10-2 2:5:26] [INFO] Booting the 'HTTP' middleware...
[2021-10-2 2:5:26] [INFO] Booting the 'CORS' middleware...
[2021-10-2 2:5:26] [INFO] Booting the 'Views' middleware...
[2021-10-2 2:5:26] [INFO] Booting the 'Statics' middleware...
[2021-10-2 2:5:26] [INFO] Booting the 'StatusMonitor' middleware...
[2021-10-2 2:5:26] [INFO] Booting the 'CsrfToken' middleware...
[2021-10-2 2:9:34] [INFO] Booting the 'CORS' middleware...
[2021-10-2 2:9:34] [INFO] Booting the 'HTTP' middleware...
[2021-10-2 2:9:34] [INFO] Booting the 'CsrfToken' middleware...
[2021-10-2 2:9:34] [INFO] Booting the 'Views' middleware...
[2021-10-2 2:9:34] [INFO] Booting the 'Statics' middleware...
[2021-10-2 2:9:34] [INFO] Booting the 'StatusMonitor' middleware...
[2021-10-2 2:15:29] [INFO] Booting the 'CORS' middleware...
[2021-10-2 2:15:29] [INFO] Booting the 'HTTP' middleware...
[2021-10-2 2:15:29] [INFO] Booting the 'CsrfToken' middleware...
[2021-10-2 2:15:29] [INFO] Booting the 'Views' middleware...
[2021-10-2 2:15:29] [INFO] Booting the 'Statics' middleware...
[2021-10-2 2:15:29] [INFO] Booting the 'StatusMonitor' middleware...
[2021-10-2 12:7:59] [INFO] Booting the 'CORS' middleware...
[2021-10-2 12:7:59] [INFO] Booting the 'CsrfToken' middleware...
[2021-10-2 12:7:59] [INFO] Booting the 'HTTP' middleware...
[2021-10-2 12:7:59] [INFO] Booting the 'Views' middleware...
[2021-10-2 12:7:59] [INFO] Booting the 'Statics' middleware...
[2021-10-2 12:7:59] [INFO] Booting the 'StatusMonitor' middleware...
[2021-10-2 12:18:10] [INFO] Booting the 'CORS' middleware...
[2021-10-2 12:18:10] [INFO] Booting the 'HTTP' middleware...
[2021-10-2 12:18:10] [INFO] Booting the 'CsrfToken' middleware...
[2021-10-2 12:18:10] [INFO] Booting the 'Views' middleware...
[2021-10-2 12:18:10] [INFO] Booting the 'Statics' middleware...
[2021-10-2 12:18:10] [INFO] Booting the 'StatusMonitor' middleware...
[2021-10-2 12:20:31] [INFO] Booting the 'CORS' middleware...
[2021-10-2 12:20:31] [INFO] Booting the 'HTTP' middleware...
[2021-10-2 12:20:31] [INFO] Booting the 'CsrfToken' middleware...
[2021-10-2 12:20:31] [INFO] Booting the 'Views' middleware...
[2021-10-2 12:20:31] [INFO] Booting the 'Statics' middleware...
[2021-10-2 12:20:31] [INFO] Booting the 'StatusMonitor' middleware...
[2021-10-2 12:46:12] [INFO] Booting the 'CORS' middleware...
[2021-10-2 12:46:12] [INFO] Booting the 'HTTP' middleware...
[2021-10-2 12:46:12] [INFO] Booting the 'CsrfToken' middleware...
[2021-10-2 12:46:12] [INFO] Booting the 'Views' middleware...
[2021-10-2 12:46:12] [INFO] Booting the 'Statics' middleware...
[2021-10-2 12:46:12] [INFO] Booting the 'StatusMonitor' middleware...
